<?xml version="1.0" encoding="UTF-8"?>
<!-- Generated by org.testng.reporters.JUnitReportReporter -->
<testsuite hostname="LAPTOP-TDH6E20R" name="projectScripts.Script_Login" tests="6" failures="0" timestamp="25 Aug 2017 20:45:17 GMT" time="303.703" errors="0">
  <testcase name="invalidlogin" time="10.692" classname="projectScripts.Script_Login"/>
  <testcase name="validlogin" time="22.894" classname="projectScripts.Script_Login"/>
  <testcase name="invalidlogin" time="142.246" classname="projectScripts.Script_Login"/>
  <testcase name="invalidlogin" time="76.334" classname="projectScripts.Script_Login"/>
  <testcase name="invalidlogin" time="34.706" classname="projectScripts.Script_Login"/>
  <testcase name="validlogin" time="16.831" classname="projectScripts.Script_Login"/>
</testsuite> <!-- projectScripts.Script_Login -->
