<?xml version="1.0" encoding="UTF-8"?>
<!-- Generated by org.testng.reporters.JUnitReportReporter -->
<testsuite hostname="LAPTOP-TDH6E20R" name="projectScripts.Script_Search" tests="4" failures="0" timestamp="25 Aug 2017 20:45:17 GMT" time="71.185" errors="0">
  <testcase name="invalidSearch" time="14.329" classname="projectScripts.Script_Search"/>
  <testcase name="validSearch" time="26.618" classname="projectScripts.Script_Search"/>
  <testcase name="invalidSearch" time="14.298" classname="projectScripts.Script_Search"/>
  <testcase name="validSearch" time="15.940" classname="projectScripts.Script_Search"/>
</testsuite> <!-- projectScripts.Script_Search -->
