<?xml version="1.0" encoding="UTF-8"?>
<!-- Generated by org.testng.reporters.JUnitReportReporter -->
<testsuite hostname="LAPTOP-TDH6E20R" name="projectScripts.Script_Login" tests="6" failures="0" timestamp="1 Sep 2017 12:36:53 GMT" time="461.018" errors="0">
  <testcase name="validlogin" time="93.331" classname="projectScripts.Script_Login"/>
  <testcase name="validlogin" time="32.564" classname="projectScripts.Script_Login"/>
  <testcase name="invalidlogin" time="44.779" classname="projectScripts.Script_Login"/>
  <testcase name="invalidlogin" time="91.159" classname="projectScripts.Script_Login"/>
  <testcase name="invalidlogin" time="58.365" classname="projectScripts.Script_Login"/>
  <testcase name="invalidlogin" time="140.820" classname="projectScripts.Script_Login"/>
</testsuite> <!-- projectScripts.Script_Login -->
