<?xml version="1.0" encoding="UTF-8"?>
<!-- Generated by org.testng.reporters.JUnitReportReporter -->
<testsuite hostname="LAPTOP-TDH6E20R" name="projectScripts.Script_Search" tests="4" failures="0" timestamp="1 Sep 2017 12:36:53 GMT" time="102.459" errors="0">
  <testcase name="validSearch" time="54.419" classname="projectScripts.Script_Search"/>
  <testcase name="invalidSearch" time="16.503" classname="projectScripts.Script_Search"/>
  <testcase name="invalidSearch" time="17.845" classname="projectScripts.Script_Search"/>
  <testcase name="validSearch" time="13.692" classname="projectScripts.Script_Search"/>
</testsuite> <!-- projectScripts.Script_Search -->
